<?xml version="1.0" encoding="UTF-8" standalone="yes"?>
<ns2:test-suite start="1632870468621" stop="1632870472095" version="1.5.2" xmlns:ns2="urn:model.allure.qatools.yandex.ru">
    <name>Описание API Эмиссии КМ</name>
    <description type="text"></description>
    <test-cases>
        <test-case start="1632870468753" stop="1632870472095" status="failed">
            <name>Метод «Проверить доступность», проверка формата ответа на запрос</name>
            <title>Метод «Проверить доступность», проверка формата ответа на запрос</title>
            <description type="text"></description>
            <failure>
                <message>AssertionError: 1 expectation failed.
Expected status code &lt;200&gt; but was &lt;400&gt;.
</message>
                <stack-trace>java.lang.AssertionError: 1 expectation failed.
Expected status code &lt;200&gt; but was &lt;400&gt;.

	at sun.reflect.NativeConstructorAccessorImpl.newInstance0(Native Method)
	at sun.reflect.NativeConstructorAccessorImpl.newInstance(NativeConstructorAccessorImpl.java:62)
	at sun.reflect.DelegatingConstructorAccessorImpl.newInstance(DelegatingConstructorAccessorImpl.java:45)
	at java.lang.reflect.Constructor.newInstance(Constructor.java:423)
	at org.codehaus.groovy.reflection.CachedConstructor.invoke(CachedConstructor.java:72)
	at org.codehaus.groovy.reflection.CachedConstructor.doConstructorInvoke(CachedConstructor.java:59)
	at org.codehaus.groovy.runtime.callsite.ConstructorSite$ConstructorSiteNoUnwrap.callConstructor(ConstructorSite.java:84)
	at org.codehaus.groovy.runtime.callsite.CallSiteArray.defaultCallConstructor(CallSiteArray.java:59)
	at org.codehaus.groovy.runtime.callsite.AbstractCallSite.callConstructor(AbstractCallSite.java:263)
	at org.codehaus.groovy.runtime.callsite.AbstractCallSite.callConstructor(AbstractCallSite.java:277)
	at io.restassured.internal.ResponseSpecificationImpl$HamcrestAssertionClosure.validate(ResponseSpecificationImpl.groovy:493)
	at io.restassured.internal.ResponseSpecificationImpl$HamcrestAssertionClosure$validate$1.call(Unknown Source)
	at org.codehaus.groovy.runtime.callsite.CallSiteArray.defaultCall(CallSiteArray.java:47)
	at org.codehaus.groovy.runtime.callsite.AbstractCallSite.call(AbstractCallSite.java:125)
	at org.codehaus.groovy.runtime.callsite.AbstractCallSite.call(AbstractCallSite.java:139)
	at io.restassured.internal.ResponseSpecificationImpl.validateResponseIfRequired(ResponseSpecificationImpl.groovy:674)
	at sun.reflect.NativeMethodAccessorImpl.invoke0(Native Method)
	at sun.reflect.NativeMethodAccessorImpl.invoke(NativeMethodAccessorImpl.java:62)
	at sun.reflect.DelegatingMethodAccessorImpl.invoke(DelegatingMethodAccessorImpl.java:43)
	at java.lang.reflect.Method.invoke(Method.java:498)
	at org.codehaus.groovy.runtime.callsite.PlainObjectMetaMethodSite.doInvoke(PlainObjectMetaMethodSite.java:43)
	at org.codehaus.groovy.runtime.callsite.PogoMetaMethodSite$PogoCachedMethodSiteNoUnwrapNoCoerce.invoke(PogoMetaMethodSite.java:193)
	at org.codehaus.groovy.runtime.callsite.PogoMetaMethodSite.callCurrent(PogoMetaMethodSite.java:61)
	at org.codehaus.groovy.runtime.callsite.CallSiteArray.defaultCallCurrent(CallSiteArray.java:51)
	at org.codehaus.groovy.runtime.callsite.AbstractCallSite.callCurrent(AbstractCallSite.java:171)
	at org.codehaus.groovy.runtime.callsite.AbstractCallSite.callCurrent(AbstractCallSite.java:185)
	at io.restassured.internal.ResponseSpecificationImpl.statusCode(ResponseSpecificationImpl.groovy:126)
	at io.restassured.specification.ResponseSpecification$statusCode$0.callCurrent(Unknown Source)
	at org.codehaus.groovy.runtime.callsite.CallSiteArray.defaultCallCurrent(CallSiteArray.java:51)
	at org.codehaus.groovy.runtime.callsite.AbstractCallSite.callCurrent(AbstractCallSite.java:171)
	at org.codehaus.groovy.runtime.callsite.AbstractCallSite.callCurrent(AbstractCallSite.java:185)
	at io.restassured.internal.ResponseSpecificationImpl.statusCode(ResponseSpecificationImpl.groovy:134)
	at io.restassured.internal.ValidatableResponseOptionsImpl.statusCode(ValidatableResponseOptionsImpl.java:89)
	at io.restassured.internal.ValidatableResponseImpl.super$2$statusCode(ValidatableResponseImpl.groovy)
	at sun.reflect.NativeMethodAccessorImpl.invoke0(Native Method)
	at sun.reflect.NativeMethodAccessorImpl.invoke(NativeMethodAccessorImpl.java:62)
	at sun.reflect.DelegatingMethodAccessorImpl.invoke(DelegatingMethodAccessorImpl.java:43)
	at java.lang.reflect.Method.invoke(Method.java:498)
	at org.codehaus.groovy.reflection.CachedMethod.invoke(CachedMethod.java:107)
	at groovy.lang.MetaMethod.doMethodInvoke(MetaMethod.java:323)
	at groovy.lang.MetaClassImpl.invokeMethod(MetaClassImpl.java:1268)
	at org.codehaus.groovy.runtime.ScriptBytecodeAdapter.invokeMethodOnSuperN(ScriptBytecodeAdapter.java:144)
	at io.restassured.internal.ValidatableResponseImpl.statusCode(ValidatableResponseImpl.groovy:142)
	at io.restassured.internal.ValidatableResponseImpl.statusCode(ValidatableResponseImpl.groovy)
	at MCDN.ApiMainLogic.sendGETRequestAndCheckStatusAndSaveAnswer(ApiMainLogic.java:224)
	at stepDef.StepDefinitions.sendGETRequestAndSaveAnswer(StepDefinitions.java:71)
	at ✽.Когда выполнен GET запрос на URL "/api/mcdn/ping" с параметрами из таблицы. Ответ сохранить в переменную с именем "mainResp" Ожидаемый код ответа: 200(KMEmissionAPIDescription.feature:13)
</stack-trace>
            </failure>
            <steps>
                <step start="1632870468753" stop="1632870472080" status="failed">
                    <name>Когда выполнен GET запрос на URL "/api/mcdn/ping" с параметрами из таблицы. Ответ сохранить в переменную с именем "mainResp" Ожидаемый код ответа: 200</name>
                    <title>Когда выполнен GET запрос на URL "/api/mcdn/ping" с параметрами из таблицы. Ответ сохранить в переменную с именем "mainResp" Ожидаемый код ответа: 200</title>
                </step>
                <step start="1632870472095" stop="1632870472095" status="canceled">
                    <name>Когда значение из "Pragma" присутствует в ответе в переменной mainResp Сохранить в другую переменную saveTitle</name>
                    <title>Когда значение из "Pragma" присутствует в ответе в переменной mainResp Сохранить в другую переменную saveTitle</title>
                </step>
            </steps>
            <attachments/>
            <labels>
                <label name="story" value="Метод «Проверить доступность», проверка формата ответа на запрос"/>
                <label name="feature" value="Описание API Эмиссии КМ"/>
                <label name="host" value="DESKTOP-M4IIQTH"/>
                <label name="thread" value="10188@DESKTOP-M4IIQTH.main(1)"/>
                <label name="framework" value="CucumberJVM"/>
            </labels>
        </test-case>
    </test-cases>
    <labels>
        <label name="feature" value="Описание API Эмиссии КМ"/>
        <label name="language" value="JAVA"/>
    </labels>
</ns2:test-suite>
